<?xml version="1.0" encoding="UTF-8"?>
<testng-results ignored="0" total="1" passed="1" failed="0" skipped="0">
  <reporter-output>
  </reporter-output>
  <suite started-at="2021-05-17T11:21:12 EDT" name="Suite" finished-at="2021-05-17T11:21:18 EDT" duration-ms="5881">
    <groups>
    </groups>
    <test started-at="2021-05-17T11:21:12 EDT" name="Test" finished-at="2021-05-17T11:21:18 EDT" duration-ms="5881">
      <class name="mypackage.myTest">
        <test-method signature="searchPage()[pri:0, instance:mypackage.myTest@291b4bf5]" started-at="2021-05-17T11:21:12 EDT" name="searchPage" finished-at="2021-05-17T11:21:18 EDT" duration-ms="5857" status="PASS">
          <reporter-output>
          </reporter-output>
        </test-method> <!-- searchPage -->
      </class> <!-- mypackage.myTest -->
    </test> <!-- Test -->
  </suite> <!-- Suite -->
</testng-results>
