<?xml version="1.0" encoding="UTF-8"?>
<testng-results skipped="0" failed="0" ignored="0" total="1" passed="1">
  <reporter-output>
  </reporter-output>
  <suite name="Suite" duration-ms="6817" started-at="2021-05-09T11:08:55 EDT" finished-at="2021-05-09T11:09:02 EDT">
    <groups>
    </groups>
    <test name="Test" duration-ms="6817" started-at="2021-05-09T11:08:55 EDT" finished-at="2021-05-09T11:09:02 EDT">
      <class name="mypackage.myTest">
        <test-method status="PASS" signature="searchPage()[pri:0, instance:mypackage.myTest@71318ec4]" name="searchPage" duration-ms="6793" started-at="2021-05-09T11:08:55 EDT" finished-at="2021-05-09T11:09:02 EDT">
          <reporter-output>
          </reporter-output>
        </test-method> <!-- searchPage -->
      </class> <!-- mypackage.myTest -->
    </test> <!-- Test -->
  </suite> <!-- Suite -->
</testng-results>
